<?xml version="1.0" encoding="UTF-8"?>
<!-- Generated by org.testng.reporters.JUnitReportReporter -->
<testsuite hostname="New" name="FunctionalLibraries.EndtoEnd" tests="1" failures="0" timestamp="4 Sep 2022 16:35:14 GMT" time="10.456" errors="0">
  <testcase name="Imdb_Wiki_validation" time="10.456" classname="FunctionalLibraries.EndtoEnd"/>
</testsuite> <!-- FunctionalLibraries.EndtoEnd -->
